[2026-01-06 22:47:34] --- [ModernBERT Training] Device: cuda ---
[2026-01-06 22:47:34] ⚡ AMP (Automatic Mixed Precision) Enabled.
[2026-01-06 22:47:35] Loading Tokenizer: neavo/modern_bert_multilingual
[2026-01-06 22:53:33] Initializing ModernBERT Model...
[2026-01-06 22:54:59] Start Training...
[2026-01-06 23:03:00] --- [ModernBERT Training] Device: cuda ---
[2026-01-06 23:03:00] ⚡ AMP (Automatic Mixed Precision) Enabled.
[2026-01-06 23:03:00] Loading Tokenizer: neavo/modern_bert_multilingual
[2026-01-06 23:09:04] Initializing ModernBERT Model...
[2026-01-06 23:09:07] Start Training...
[2026-01-06 23:25:36] Epoch 1 | Train Loss: 0.2365 | Val Loss: 0.0574 | Acc: 98.72%
[2026-01-06 23:25:39] ★ New Best Model Saved! (Acc: 98.72%)
[2026-01-06 23:30:09] --- [ModernBERT Training] Device: cuda ---
[2026-01-06 23:30:09] ⚡ AMP (Automatic Mixed Precision) Enabled.
[2026-01-06 23:30:10] Loading Tokenizer: neavo/modern_bert_multilingual
[2026-01-06 23:36:19] Initializing ModernBERT Model...
[2026-01-06 23:36:21] 🔄 Resuming from ./ModernBERT_Result\last_checkpoint.pt...
[2026-01-06 23:36:23] Start Training...
[2026-01-06 23:52:28] Epoch 2 | Train Loss: 0.0283 | Val Loss: 0.0046 | Acc: 99.88%
[2026-01-06 23:52:31] ★ New Best Model Saved! (Acc: 99.88%)
[2026-01-07 20:54:49] --- [ModernBERT Training] Device: cuda ---
[2026-01-07 20:54:49] ⚡ AMP (Automatic Mixed Precision) Enabled.
[2026-01-07 20:54:49] Loading Tokenizer: neavo/modern_bert_multilingual
[2026-01-07 21:00:36] Initializing ModernBERT Model...
[2026-01-07 21:00:40] 🔄 Resuming from ./ModernBERT_Result\last_checkpoint.pt...
[2026-01-07 21:00:41] Start Training...
[2026-01-07 21:16:48] Epoch 3 | Train Loss: 0.0090 | Val Loss: 0.0031 | Acc: 99.94%
[2026-01-07 21:16:51] ★ New Best Model Saved! (Acc: 99.94%)
[2026-01-07 21:34:13] Epoch 4 | Train Loss: 0.0024 | Val Loss: 0.0025 | Acc: 99.95%
[2026-01-07 21:34:16] ★ New Best Model Saved! (Acc: 99.95%)
[2026-01-07 21:51:49] Epoch 5 | Train Loss: 0.0007 | Val Loss: 0.0023 | Acc: 99.95%
[2026-01-07 21:51:51] Training Finished.
